build/app/outputs/mapping/release/seeds.txt
com.example.email_app.MainActivity
com.example.email_app.MainActivity: MainActivity()
...
com.google.android.gms.internal.measurement.zzfy$zzk$zza: zzfy$zzk$zza()
io.flutter.view.AccessibilityViewEmbedder: AccessibilityViewEmbedder(android.view.View,int)
com.google.android.play.core.integrity.h: boolean equals(java.lang.Object)
com.google.android.play.core.integrity.ah: ah(com.google.android.play.core.integrity.ai,java.lang.String,long)
com.google.android.gms.internal.auth-api-phone.zzi: boolean zza(int,android.os.Parcel,android.os.Parcel,int)
com.google.android.gms.internal.auth.zzdk: zzdk(com.google.android.gms.internal.auth.zzdj)
com.google.android.recaptcha.internal.zzqs: com.google.android.recaptcha.internal.zzqs zzt(int)
com.google.android.gms.internal.auth.zzco: zzco()
com.google.android.gms.internal.firebase-auth-api.zzagy: com.google.android.gms.internal.firebase-auth-api.zzaga zzb()
com.google.android.gms.internal.firebase-auth-api.zzia: com.google.android.gms.internal.firebase-auth-api.zzpj zza(com.google.android.gms.internal.firebase-auth-api.zzbp,com.google.android.gms.internal.firebase-auth-api.zzcn)
com.google.android.gms.internal.firebase-auth-api.zzpx: int zzf()
com.google.android.gms.internal.firebase-auth-api.zzajf: zzajf(com.google.android.gms.internal.firebase-auth-api.zzajb)
com.google.android.gms.internal.fido.zzcc: zzcc()
com.google.android.gms.internal.fido.zzbi: java.util.NavigableSet descendingSet()
com.google.android.gms.internal.auth.zzhe: zzhe()
com.google.android.gms.tasks.Task: com.google.android.gms.tasks.Task continueWithTask(com.google.android.gms.tasks.Continuation)
com.google.android.gms.internal.firebase-auth-api.zzals: void zzm(java.util.List)
kotlin.coroutines.jvm.internal.BaseContinuationImpl: java.lang.StackTraceElement getStackTraceElement()
com.google.android.gms.internal.measurement.zzal: java.util.Iterator zzh()
com.google.android.gms.internal.firebase-auth-api.zzabj: com.google.android.gms.tasks.Task zza(java.lang.String,java.lang.String,java.lang.String,java.lang.String)
com.google.android.gms.tasks.zzb: zzb()
com.google.android.gms.internal.firebase-auth-api.zzzw: void zza(java.lang.Object)
com.google.android.gms.internal.firebase-auth-api.zzacv: void zza(com.google.android.gms.tasks.TaskCompletionSource,com.google.android.gms.internal.firebase-auth-api.zzadh)
com.google.android.gms.internal.firebase-auth-api.zzals: void zzi(java.util.List)
com.google.android.gms.internal.firebase-auth-api.zzlq: int zza(com.google.android.gms.internal.firebase-auth-api.zzju$zzf)
com.google.android.gms.internal.measurement.zzlm: com.google.android.gms.internal.measurement.zzlk zza()
com.google.android.gms.internal.measurement.zznj: long zzf()
com.google.android.gms.internal.firebase-auth-api.zzagu: java.util.List zza()
com.google.android.gms.common.internal.safeparcel.AbstractSafeParcelable: int describeContents()
com.google.android.gms.internal.firebase-auth-api.zzalh: void zza(com.google.android.gms.internal.firebase-auth-api.zzalc,java.lang.StringBuilder,int)
com.google.android.gms.internal.auth.zzp: zzp(android.os.IBinder)
com.google.android.recaptcha.internal.zzhy: void zzf(java.lang.Appendable,byte[],int,int)
com.google.android.gms.internal.measurement.zzg: boolean zza(com.google.android.gms.internal.measurement.zzaq,com.google.android.gms.internal.measurement.zzaq)
com.google.android.gms.internal.measurement.zzng: long zzai()
com.google.android.gms.internal.fido.zzba: java.lang.Object get(java.lang.Object)
androidx.core.app.NotificationCompatBuilder$Api29Impl: android.app.Notification$Action$Builder setContextual(android.app.Notification$Action$Builder,boolean)
com.google.android.gms.internal.measurement.zzik: void zza(com.google.android.gms.internal.measurement.zzil)
com.google.android.gms.internal.measurement.zzes: void zza()
com.google.android.gms.internal.auth.zzgc: com.google.android.gms.internal.auth.zzgb zzb()
com.google.android.gms.internal.measurement.zzjc: int zze(int,long)
com.google.android.recaptcha.internal.zzjc: int zzh()